This file contains any messages produced by compilers while
running configure, to aid debugging if configure makes a mistake.

It was created by uMPS configure 1.23rc2, which was
generated by GNU Autoconf 2.60a.  Invocation command line was

  $ ./configure --with-cross=/home/mh/dipl/toolchain/bin

## --------- ##
## Platform. ##
## --------- ##

hostname = iceblock
uname -m = i686
uname -r = 2.6.16-2-686
uname -s = Linux
uname -v = #1 Sat Jul 15 21:59:21 UTC 2006

/usr/bin/uname -p = unknown
/bin/uname -X     = unknown

/bin/arch              = i686
/usr/bin/arch -k       = unknown
/usr/convex/getsysinfo = unknown
/usr/bin/hostinfo      = unknown
/bin/machine           = unknown
/usr/bin/oslevel       = unknown
/bin/universe          = unknown

PATH: /opt/local/bin/
PATH: /usr/local/bin
PATH: /usr/bin
PATH: /bin
PATH: /usr/bin/X11
PATH: /usr/games
PATH: /home/mh/bin/


## ----------- ##
## Core tests. ##
## ----------- ##

configure:1987: checking build system type
configure:2005: result: i686-pc-linux-gnu
configure:2027: checking host system type
configure:2042: result: i686-pc-linux-gnu
configure:2064: checking target system type
configure:2079: result: i686-pc-linux-gnu
configure:2155: checking for gcc
configure:2171: found /usr/bin/gcc
configure:2182: result: gcc
configure:2420: checking for C compiler version
configure:2427: gcc --version >&5
gcc (GCC) 4.1.2 20061028 (prerelease) (Debian 4.1.1-19)
Copyright (C) 2006 Free Software Foundation, Inc.
This is free software; see the source for copying conditions.  There is NO
warranty; not even for MERCHANTABILITY or FITNESS FOR A PARTICULAR PURPOSE.

configure:2430: $? = 0
configure:2437: gcc -v >&5
Using built-in specs.
Target: i486-linux-gnu
Configured with: ../src/configure -v --enable-languages=c,c++,fortran,objc,obj-c++,treelang --prefix=/usr --enable-shared --with-system-zlib --libexecdir=/usr/lib --without-included-gettext --enable-threads=posix --enable-nls --program-suffix=-4.1 --enable-__cxa_atexit --enable-clocale=gnu --enable-libstdcxx-debug --enable-mpfr --with-tune=i686 --enable-checking=release i486-linux-gnu
Thread model: posix
gcc version 4.1.2 20061028 (prerelease) (Debian 4.1.1-19)
configure:2440: $? = 0
configure:2447: gcc -V >&5
gcc: '-V' option must have argument
configure:2450: $? = 1
configure:2473: checking for C compiler default output file name
configure:2500: gcc    conftest.c  >&5
configure:2503: $? = 0
configure:2541: result: a.out
configure:2558: checking whether the C compiler works
configure:2568: ./a.out
configure:2571: $? = 0
configure:2588: result: yes
configure:2595: checking whether we are cross compiling
configure:2597: result: no
configure:2600: checking for suffix of executables
configure:2607: gcc -o conftest    conftest.c  >&5
configure:2610: $? = 0
configure:2634: result: 
configure:2640: checking for suffix of object files
configure:2666: gcc -c   conftest.c >&5
configure:2669: $? = 0
configure:2692: result: o
configure:2696: checking whether we are using the GNU C compiler
configure:2725: gcc -c   conftest.c >&5
configure:2731: $? = 0
configure:2738: test -z "$ac_c_werror_flag" || test ! -s conftest.err
configure:2741: $? = 0
configure:2748: test -s conftest.o
configure:2751: $? = 0
configure:2765: result: yes
configure:2770: checking whether gcc accepts -g
configure:2800: gcc -c -g  conftest.c >&5
configure:2806: $? = 0
configure:2813: test -z "$ac_c_werror_flag" || test ! -s conftest.err
configure:2816: $? = 0
configure:2823: test -s conftest.o
configure:2826: $? = 0
configure:2956: result: yes
configure:2973: checking for gcc option to accept ISO C89
configure:3047: gcc  -c -g -O2  conftest.c >&5
configure:3053: $? = 0
configure:3060: test -z "$ac_c_werror_flag" || test ! -s conftest.err
configure:3063: $? = 0
configure:3070: test -s conftest.o
configure:3073: $? = 0
configure:3093: result: none needed
configure:3117: checking how to run the C preprocessor
configure:3157: gcc -E  conftest.c
configure:3163: $? = 0
configure:3201: gcc -E  conftest.c
conftest.c:8:28: error: ac_nonexistent.h: No such file or directory
configure:3207: $? = 1
configure: failed program was:
| /* confdefs.h.  */
| #define PACKAGE_NAME "uMPS"
| #define PACKAGE_TARNAME "umps"
| #define PACKAGE_VERSION "1.23rc2"
| #define PACKAGE_STRING "uMPS 1.23rc2"
| #define PACKAGE_BUGREPORT "mmorsian@users.sourceforge.net"
| /* end confdefs.h.  */
| #include <ac_nonexistent.h>
configure:3247: result: gcc -E
configure:3276: gcc -E  conftest.c
configure:3282: $? = 0
configure:3320: gcc -E  conftest.c
conftest.c:8:28: error: ac_nonexistent.h: No such file or directory
configure:3326: $? = 1
configure: failed program was:
| /* confdefs.h.  */
| #define PACKAGE_NAME "uMPS"
| #define PACKAGE_TARNAME "umps"
| #define PACKAGE_VERSION "1.23rc2"
| #define PACKAGE_STRING "uMPS 1.23rc2"
| #define PACKAGE_BUGREPORT "mmorsian@users.sourceforge.net"
| /* end confdefs.h.  */
| #include <ac_nonexistent.h>
configure:3371: checking for grep that handles long lines and -e
configure:3445: result: /bin/grep
configure:3450: checking for egrep
configure:3528: result: /bin/grep -E
configure:3533: checking for ANSI C header files
configure:3563: gcc -c -g -O2  conftest.c >&5
configure:3569: $? = 0
configure:3576: test -z "$ac_c_werror_flag" || test ! -s conftest.err
configure:3579: $? = 0
configure:3586: test -s conftest.o
configure:3589: $? = 0
configure:3685: gcc -o conftest -g -O2   conftest.c  >&5
configure:3688: $? = 0
configure:3694: ./conftest
configure:3697: $? = 0
configure:3714: result: yes
configure:3738: checking for sys/types.h
configure:3759: gcc -c -g -O2  conftest.c >&5
configure:3765: $? = 0
configure:3772: test -z "$ac_c_werror_flag" || test ! -s conftest.err
configure:3775: $? = 0
configure:3782: test -s conftest.o
configure:3785: $? = 0
configure:3798: result: yes
configure:3738: checking for sys/stat.h
configure:3759: gcc -c -g -O2  conftest.c >&5
configure:3765: $? = 0
configure:3772: test -z "$ac_c_werror_flag" || test ! -s conftest.err
configure:3775: $? = 0
configure:3782: test -s conftest.o
configure:3785: $? = 0
configure:3798: result: yes
configure:3738: checking for stdlib.h
configure:3759: gcc -c -g -O2  conftest.c >&5
configure:3765: $? = 0
configure:3772: test -z "$ac_c_werror_flag" || test ! -s conftest.err
configure:3775: $? = 0
configure:3782: test -s conftest.o
configure:3785: $? = 0
configure:3798: result: yes
configure:3738: checking for string.h
configure:3759: gcc -c -g -O2  conftest.c >&5
configure:3765: $? = 0
configure:3772: test -z "$ac_c_werror_flag" || test ! -s conftest.err
configure:3775: $? = 0
configure:3782: test -s conftest.o
configure:3785: $? = 0
configure:3798: result: yes
configure:3738: checking for memory.h
configure:3759: gcc -c -g -O2  conftest.c >&5
configure:3765: $? = 0
configure:3772: test -z "$ac_c_werror_flag" || test ! -s conftest.err
configure:3775: $? = 0
configure:3782: test -s conftest.o
configure:3785: $? = 0
configure:3798: result: yes
configure:3738: checking for strings.h
configure:3759: gcc -c -g -O2  conftest.c >&5
configure:3765: $? = 0
configure:3772: test -z "$ac_c_werror_flag" || test ! -s conftest.err
configure:3775: $? = 0
configure:3782: test -s conftest.o
configure:3785: $? = 0
configure:3798: result: yes
configure:3738: checking for inttypes.h
configure:3759: gcc -c -g -O2  conftest.c >&5
configure:3765: $? = 0
configure:3772: test -z "$ac_c_werror_flag" || test ! -s conftest.err
configure:3775: $? = 0
configure:3782: test -s conftest.o
configure:3785: $? = 0
configure:3798: result: yes
configure:3738: checking for stdint.h
configure:3759: gcc -c -g -O2  conftest.c >&5
configure:3765: $? = 0
configure:3772: test -z "$ac_c_werror_flag" || test ! -s conftest.err
configure:3775: $? = 0
configure:3782: test -s conftest.o
configure:3785: $? = 0
configure:3798: result: yes
configure:3738: checking for unistd.h
configure:3759: gcc -c -g -O2  conftest.c >&5
configure:3765: $? = 0
configure:3772: test -z "$ac_c_werror_flag" || test ! -s conftest.err
configure:3775: $? = 0
configure:3782: test -s conftest.o
configure:3785: $? = 0
configure:3798: result: yes
configure:3810: checking whether byte ordering is bigendian
configure:3843: gcc -c -g -O2  conftest.c >&5
configure:3849: $? = 0
configure:3856: test -z "$ac_c_werror_flag" || test ! -s conftest.err
configure:3859: $? = 0
configure:3866: test -s conftest.o
configure:3869: $? = 0
configure:3898: gcc -c -g -O2  conftest.c >&5
conftest.c: In function 'main':
conftest.c:25: error: 'not' undeclared (first use in this function)
conftest.c:25: error: (Each undeclared identifier is reported only once
conftest.c:25: error: for each function it appears in.)
conftest.c:25: error: expected ';' before 'big'
configure:3904: $? = 1
configure: failed program was:
| /* confdefs.h.  */
| #define PACKAGE_NAME "uMPS"
| #define PACKAGE_TARNAME "umps"
| #define PACKAGE_VERSION "1.23rc2"
| #define PACKAGE_STRING "uMPS 1.23rc2"
| #define PACKAGE_BUGREPORT "mmorsian@users.sourceforge.net"
| #define STDC_HEADERS 1
| #define HAVE_SYS_TYPES_H 1
| #define HAVE_SYS_STAT_H 1
| #define HAVE_STDLIB_H 1
| #define HAVE_STRING_H 1
| #define HAVE_MEMORY_H 1
| #define HAVE_STRINGS_H 1
| #define HAVE_INTTYPES_H 1
| #define HAVE_STDINT_H 1
| #define HAVE_UNISTD_H 1
| /* end confdefs.h.  */
| #include <sys/types.h>
| #include <sys/param.h>
| 
| int
| main ()
| {
| #if BYTE_ORDER != BIG_ENDIAN
|  not big endian
| #endif
| 
|   ;
|   return 0;
| }
configure:4078: result: no
configure:4111: checking for a BSD-compatible install
configure:4167: result: /usr/bin/install -c
configure:4178: checking whether build environment is sane
configure:4221: result: yes
configure:4286: checking for gawk
configure:4316: result: no
configure:4286: checking for mawk
configure:4302: found /usr/bin/mawk
configure:4313: result: mawk
configure:4324: checking whether make sets $(MAKE)
configure:4345: result: yes
configure:4375: checking for style of include used by make
configure:4403: result: GNU
configure:4595: checking dependency style of gcc
configure:4685: result: gcc3
configure:4767: checking for g++
configure:4783: found /usr/bin/g++
configure:4794: result: g++
configure:4825: checking for C++ compiler version
configure:4832: g++ --version >&5
g++ (GCC) 4.1.2 20061028 (prerelease) (Debian 4.1.1-19)
Copyright (C) 2006 Free Software Foundation, Inc.
This is free software; see the source for copying conditions.  There is NO
warranty; not even for MERCHANTABILITY or FITNESS FOR A PARTICULAR PURPOSE.

configure:4835: $? = 0
configure:4842: g++ -v >&5
Using built-in specs.
Target: i486-linux-gnu
Configured with: ../src/configure -v --enable-languages=c,c++,fortran,objc,obj-c++,treelang --prefix=/usr --enable-shared --with-system-zlib --libexecdir=/usr/lib --without-included-gettext --enable-threads=posix --enable-nls --program-suffix=-4.1 --enable-__cxa_atexit --enable-clocale=gnu --enable-libstdcxx-debug --enable-mpfr --with-tune=i686 --enable-checking=release i486-linux-gnu
Thread model: posix
gcc version 4.1.2 20061028 (prerelease) (Debian 4.1.1-19)
configure:4845: $? = 0
configure:4852: g++ -V >&5
g++: '-V' option must have argument
configure:4855: $? = 1
configure:4858: checking whether we are using the GNU C++ compiler
configure:4887: g++ -c   conftest.cpp >&5
configure:4893: $? = 0
configure:4900: test -z "$ac_cxx_werror_flag" || test ! -s conftest.err
configure:4903: $? = 0
configure:4910: test -s conftest.o
configure:4913: $? = 0
configure:4927: result: yes
configure:4932: checking whether g++ accepts -g
configure:4962: g++ -c -g  conftest.cpp >&5
configure:4968: $? = 0
configure:4975: test -z "$ac_cxx_werror_flag" || test ! -s conftest.err
configure:4978: $? = 0
configure:4985: test -s conftest.o
configure:4988: $? = 0
configure:5118: result: yes
configure:5143: checking dependency style of g++
configure:5233: result: gcc3
configure:5298: checking for gcc
configure:5325: result: gcc
configure:5563: checking for C compiler version
configure:5570: gcc --version >&5
gcc (GCC) 4.1.2 20061028 (prerelease) (Debian 4.1.1-19)
Copyright (C) 2006 Free Software Foundation, Inc.
This is free software; see the source for copying conditions.  There is NO
warranty; not even for MERCHANTABILITY or FITNESS FOR A PARTICULAR PURPOSE.

configure:5573: $? = 0
configure:5580: gcc -v >&5
Using built-in specs.
Target: i486-linux-gnu
Configured with: ../src/configure -v --enable-languages=c,c++,fortran,objc,obj-c++,treelang --prefix=/usr --enable-shared --with-system-zlib --libexecdir=/usr/lib --without-included-gettext --enable-threads=posix --enable-nls --program-suffix=-4.1 --enable-__cxa_atexit --enable-clocale=gnu --enable-libstdcxx-debug --enable-mpfr --with-tune=i686 --enable-checking=release i486-linux-gnu
Thread model: posix
gcc version 4.1.2 20061028 (prerelease) (Debian 4.1.1-19)
configure:5583: $? = 0
configure:5590: gcc -V >&5
gcc: '-V' option must have argument
configure:5593: $? = 1
configure:5596: checking whether we are using the GNU C compiler
configure:5665: result: yes
configure:5670: checking whether gcc accepts -g
configure:5856: result: yes
configure:5873: checking for gcc option to accept ISO C89
configure:5993: result: none needed
configure:6016: checking how to run the C preprocessor
configure:6146: result: gcc -E
configure:6175: gcc -E  conftest.c
configure:6181: $? = 0
configure:6219: gcc -E  conftest.c
conftest.c:20:28: error: ac_nonexistent.h: No such file or directory
configure:6225: $? = 1
configure: failed program was:
| /* confdefs.h.  */
| #define PACKAGE_NAME "uMPS"
| #define PACKAGE_TARNAME "umps"
| #define PACKAGE_VERSION "1.23rc2"
| #define PACKAGE_STRING "uMPS 1.23rc2"
| #define PACKAGE_BUGREPORT "mmorsian@users.sourceforge.net"
| #define STDC_HEADERS 1
| #define HAVE_SYS_TYPES_H 1
| #define HAVE_SYS_STAT_H 1
| #define HAVE_STDLIB_H 1
| #define HAVE_STRING_H 1
| #define HAVE_MEMORY_H 1
| #define HAVE_STRINGS_H 1
| #define HAVE_INTTYPES_H 1
| #define HAVE_STDINT_H 1
| #define HAVE_UNISTD_H 1
| #define PACKAGE "umps"
| #define VERSION "1.23rc2"
| /* end confdefs.h.  */
| #include <ac_nonexistent.h>
configure:6282: checking for a BSD-compatible install
configure:6338: result: /usr/bin/install -c
configure:6349: checking whether ln -s works
configure:6353: result: yes
configure:6432: checking for a sed that does not truncate output
configure:6486: result: /bin/sed
configure:6500: checking for ld used by gcc
configure:6567: result: /usr/bin/ld
configure:6576: checking if the linker (/usr/bin/ld) is GNU ld
configure:6591: result: yes
configure:6596: checking for /usr/bin/ld option to reload object files
configure:6603: result: -r
configure:6621: checking for BSD-compatible nm
configure:6670: result: /usr/bin/nm -B
configure:6674: checking how to recognise dependent libraries
configure:6850: result: pass_all
configure:7109: checking dlfcn.h usability
configure:7126: gcc -c -g -O2  conftest.c >&5
configure:7132: $? = 0
configure:7139: test -z "$ac_c_werror_flag" || test ! -s conftest.err
configure:7142: $? = 0
configure:7149: test -s conftest.o
configure:7152: $? = 0
configure:7163: result: yes
configure:7167: checking dlfcn.h presence
configure:7182: gcc -E  conftest.c
configure:7188: $? = 0
configure:7209: result: yes
configure:7242: checking for dlfcn.h
configure:7250: result: yes
configure:7273: checking how to run the C++ preprocessor
configure:7309: g++ -E  conftest.cpp
configure:7315: $? = 0
configure:7353: g++ -E  conftest.cpp
conftest.cpp:21:28: error: ac_nonexistent.h: No such file or directory
configure:7359: $? = 1
configure: failed program was:
| /* confdefs.h.  */
| #define PACKAGE_NAME "uMPS"
| #define PACKAGE_TARNAME "umps"
| #define PACKAGE_VERSION "1.23rc2"
| #define PACKAGE_STRING "uMPS 1.23rc2"
| #define PACKAGE_BUGREPORT "mmorsian@users.sourceforge.net"
| #define STDC_HEADERS 1
| #define HAVE_SYS_TYPES_H 1
| #define HAVE_SYS_STAT_H 1
| #define HAVE_STDLIB_H 1
| #define HAVE_STRING_H 1
| #define HAVE_MEMORY_H 1
| #define HAVE_STRINGS_H 1
| #define HAVE_INTTYPES_H 1
| #define HAVE_STDINT_H 1
| #define HAVE_UNISTD_H 1
| #define PACKAGE "umps"
| #define VERSION "1.23rc2"
| #define HAVE_DLFCN_H 1
| /* end confdefs.h.  */
| #include <ac_nonexistent.h>
configure:7399: result: g++ -E
configure:7428: g++ -E  conftest.cpp
configure:7434: $? = 0
configure:7472: g++ -E  conftest.cpp
conftest.cpp:21:28: error: ac_nonexistent.h: No such file or directory
configure:7478: $? = 1
configure: failed program was:
| /* confdefs.h.  */
| #define PACKAGE_NAME "uMPS"
| #define PACKAGE_TARNAME "umps"
| #define PACKAGE_VERSION "1.23rc2"
| #define PACKAGE_STRING "uMPS 1.23rc2"
| #define PACKAGE_BUGREPORT "mmorsian@users.sourceforge.net"
| #define STDC_HEADERS 1
| #define HAVE_SYS_TYPES_H 1
| #define HAVE_SYS_STAT_H 1
| #define HAVE_STDLIB_H 1
| #define HAVE_STRING_H 1
| #define HAVE_MEMORY_H 1
| #define HAVE_STRINGS_H 1
| #define HAVE_INTTYPES_H 1
| #define HAVE_STDINT_H 1
| #define HAVE_UNISTD_H 1
| #define PACKAGE "umps"
| #define VERSION "1.23rc2"
| #define HAVE_DLFCN_H 1
| /* end confdefs.h.  */
| #include <ac_nonexistent.h>
configure:7578: checking for g77
configure:7608: result: no
configure:7578: checking for f77
configure:7608: result: no
configure:7578: checking for xlf
configure:7608: result: no
configure:7578: checking for frt
configure:7608: result: no
configure:7578: checking for pgf77
configure:7608: result: no
configure:7578: checking for cf77
configure:7608: result: no
configure:7578: checking for fort77
configure:7608: result: no
configure:7578: checking for fl32
configure:7608: result: no
configure:7578: checking for af77
configure:7608: result: no
configure:7578: checking for f90
configure:7608: result: no
configure:7578: checking for xlf90
configure:7608: result: no
configure:7578: checking for pgf90
configure:7608: result: no
configure:7578: checking for pghpf
configure:7608: result: no
configure:7578: checking for epcf90
configure:7608: result: no
configure:7578: checking for gfortran
configure:7608: result: no
configure:7578: checking for g95
configure:7608: result: no
configure:7578: checking for f95
configure:7608: result: no
configure:7578: checking for fort
configure:7608: result: no
configure:7578: checking for xlf95
configure:7608: result: no
configure:7578: checking for ifort
configure:7608: result: no
configure:7578: checking for ifc
configure:7608: result: no
configure:7578: checking for efc
configure:7608: result: no
configure:7578: checking for pgf95
configure:7608: result: no
configure:7578: checking for lf95
configure:7608: result: no
configure:7578: checking for ftn
configure:7608: result: no
configure:7635: checking for Fortran 77 compiler version
configure:7642:  --version >&5
./configure: line 7643: --version: command not found
configure:7645: $? = 127
configure:7652:  -v >&5
./configure: line 7653: -v: command not found
configure:7655: $? = 127
configure:7662:  -V >&5
./configure: line 7663: -V: command not found
configure:7665: $? = 127
configure:7673: checking whether we are using the GNU Fortran 77 compiler
configure:7692:  -c  conftest.F >&5
./configure: line 7693: -c: command not found
configure:7698: $? = 127
configure: failed program was:
|       program main
| #ifndef __GNUC__
|        choke me
| #endif
| 
|       end
configure:7732: result: no
configure:7738: checking whether  accepts -g
configure:7755:  -c -g conftest.f >&5
./configure: line 7756: -c: command not found
configure:7761: $? = 127
configure: failed program was:
|       program main
| 
|       end
configure:7794: result: no
configure:7824: checking the maximum length of command line arguments
configure:7933: result: 32768
configure:7944: checking command to parse /usr/bin/nm -B output from gcc object
configure:8049: gcc -c -g -O2  conftest.c >&5
configure:8052: $? = 0
configure:8056: /usr/bin/nm -B conftest.o \| sed -n -e 's/^.*[ 	]\([ABCDGIRSTW][ABCDGIRSTW]*\)[ 	][ 	]*\([_A-Za-z][_A-Za-z0-9]*\)$/\1 \2 \2/p' \> conftest.nm
configure:8059: $? = 0
configure:8111: gcc -o conftest -g -O2   conftest.c conftstm.o >&5
configure:8114: $? = 0
configure:8152: result: ok
configure:8156: checking for objdir
configure:8171: result: .libs
configure:8263: checking for ar
configure:8279: found /usr/bin/ar
configure:8290: result: ar
configure:8359: checking for ranlib
configure:8375: found /usr/bin/ranlib
configure:8386: result: ranlib
configure:8455: checking for strip
configure:8471: found /usr/bin/strip
configure:8482: result: strip
configure:8768: checking if gcc supports -fno-rtti -fno-exceptions
configure:8786: gcc -c -g -O2  -fno-rtti -fno-exceptions conftest.c >&5
cc1: warning: command line option "-fno-rtti" is valid for C++/ObjC++ but not for C
configure:8790: $? = 0
configure:8803: result: no
configure:8818: checking for gcc option to produce PIC
configure:9028: result: -fPIC
configure:9036: checking if gcc PIC flag -fPIC works
configure:9054: gcc -c -g -O2  -fPIC -DPIC conftest.c >&5
configure:9058: $? = 0
configure:9071: result: yes
configure:9099: checking if gcc static flag -static works
configure:9127: result: yes
configure:9137: checking if gcc supports -c -o file.o
configure:9158: gcc -c -g -O2  -o out/conftest2.o conftest.c >&5
configure:9162: $? = 0
configure:9184: result: yes
configure:9210: checking whether the gcc linker (/usr/bin/ld) supports shared libraries
configure:10197: result: yes
configure:10218: checking whether -lc should be explicitly linked in
configure:10223: gcc -c -g -O2  conftest.c >&5
configure:10226: $? = 0
configure:10241: gcc -shared conftest.o  -v -Wl,-soname -Wl,conftest -o conftest 2\>\&1 \| grep  -lc  \>/dev/null 2\>\&1
configure:10244: $? = 0
configure:10256: result: no
configure:10264: checking dynamic linker characteristics
configure:10840: result: GNU/Linux ld.so
configure:10849: checking how to hardcode library paths into programs
configure:10874: result: immediate
configure:10888: checking whether stripping libraries is possible
configure:10893: result: yes
configure:11806: checking if libtool supports shared libraries
configure:11808: result: yes
configure:11811: checking whether to build shared libraries
configure:11832: result: yes
configure:11835: checking whether to build static libraries
configure:11839: result: yes
configure:11931: creating libtool
configure:12519: checking for ld used by g++
configure:12586: result: /usr/bin/ld
configure:12595: checking if the linker (/usr/bin/ld) is GNU ld
configure:12610: result: yes
configure:12661: checking whether the g++ linker (/usr/bin/ld) supports shared libraries
configure:13627: result: yes
configure:13645: g++ -c -g -O2  conftest.cpp >&5
configure:13648: $? = 0
configure:13767: checking for g++ option to produce PIC
configure:14041: result: -fPIC
configure:14049: checking if g++ PIC flag -fPIC works
configure:14067: g++ -c -g -O2  -fPIC -DPIC conftest.cpp >&5
configure:14071: $? = 0
configure:14084: result: yes
configure:14112: checking if g++ static flag -static works
configure:14140: result: yes
configure:14150: checking if g++ supports -c -o file.o
configure:14171: g++ -c -g -O2  -o out/conftest2.o conftest.cpp >&5
configure:14175: $? = 0
configure:14197: result: yes
configure:14223: checking whether the g++ linker (/usr/bin/ld) supports shared libraries
configure:14251: result: yes
configure:14318: checking dynamic linker characteristics
configure:14894: result: GNU/Linux ld.so
configure:14903: checking how to hardcode library paths into programs
configure:14928: result: immediate
configure:21128: checking for ld used by gcc
configure:21195: result: /usr/bin/ld
configure:21204: checking if the linker (/usr/bin/ld) is GNU ld
configure:21219: result: yes
configure:21226: checking for X
configure:21403: gcc -o conftest -g -O2   conftest.c -lX11  >&5
configure:21409: $? = 0
configure:21416: test -z "$ac_c_werror_flag" || test ! -s conftest.err
configure:21419: $? = 0
configure:21426: test -s conftest
configure:21429: $? = 0
configure:21484: result: libraries , headers 
configure:21677: gcc -o conftest -g -O2   conftest.c   -lX11 >&5
configure:21683: $? = 0
configure:21690: test -z "$ac_c_werror_flag" || test ! -s conftest.err
configure:21693: $? = 0
configure:21700: test -s conftest
configure:21703: $? = 0
configure:21888: checking for gethostbyname
configure:21944: gcc -o conftest -g -O2   conftest.c  >&5
configure:21950: $? = 0
configure:21957: test -z "$ac_c_werror_flag" || test ! -s conftest.err
configure:21960: $? = 0
configure:21967: test -s conftest
configure:21970: $? = 0
configure:21983: result: yes
configure:22160: checking for connect
configure:22216: gcc -o conftest -g -O2   conftest.c  >&5
configure:22222: $? = 0
configure:22229: test -z "$ac_c_werror_flag" || test ! -s conftest.err
configure:22232: $? = 0
configure:22239: test -s conftest
configure:22242: $? = 0
configure:22255: result: yes
configure:22343: checking for remove
configure:22399: gcc -o conftest -g -O2   conftest.c  >&5
configure:22405: $? = 0
configure:22412: test -z "$ac_c_werror_flag" || test ! -s conftest.err
configure:22415: $? = 0
configure:22422: test -s conftest
configure:22425: $? = 0
configure:22438: result: yes
configure:22526: checking for shmat
configure:22582: gcc -o conftest -g -O2   conftest.c  >&5
configure:22588: $? = 0
configure:22595: test -z "$ac_c_werror_flag" || test ! -s conftest.err
configure:22598: $? = 0
configure:22605: test -s conftest
configure:22608: $? = 0
configure:22621: result: yes
configure:22718: checking for IceConnectionNumber in -lICE
configure:22753: gcc -o conftest -g -O2   conftest.c -lICE   >&5
/usr/bin/ld: cannot find -lICE
collect2: ld returned 1 exit status
configure:22759: $? = 1
configure: failed program was:
| /* confdefs.h.  */
| #define PACKAGE_NAME "uMPS"
| #define PACKAGE_TARNAME "umps"
| #define PACKAGE_VERSION "1.23rc2"
| #define PACKAGE_STRING "uMPS 1.23rc2"
| #define PACKAGE_BUGREPORT "mmorsian@users.sourceforge.net"
| #define STDC_HEADERS 1
| #define HAVE_SYS_TYPES_H 1
| #define HAVE_SYS_STAT_H 1
| #define HAVE_STDLIB_H 1
| #define HAVE_STRING_H 1
| #define HAVE_MEMORY_H 1
| #define HAVE_STRINGS_H 1
| #define HAVE_INTTYPES_H 1
| #define HAVE_STDINT_H 1
| #define HAVE_UNISTD_H 1
| #define PACKAGE "umps"
| #define VERSION "1.23rc2"
| #define HAVE_DLFCN_H 1
| /* end confdefs.h.  */
| 
| /* Override any GCC internal prototype to avoid an error.
|    Use char because int might match the return type of a GCC
|    builtin and then its argument prototype would still apply.  */
| #ifdef __cplusplus
| extern "C"
| #endif
| char IceConnectionNumber ();
| int
| main ()
| {
| return IceConnectionNumber ();
|   ;
|   return 0;
| }
configure:22793: result: no
configure:22853: checking for XpmReadFileToPixmap in -lXpm
configure:22888: gcc -o conftest -g -O2   conftest.c -lXpm    -L/home/mh/dipl_support/hardware/umps/no -L/home/mh/dipl_support/hardware/umps/no -lpthread >&5
configure:22894: $? = 0
configure:22901: test -z "$ac_c_werror_flag" || test ! -s conftest.err
configure:22904: $? = 0
configure:22911: test -s conftest
configure:22914: $? = 0
configure:22928: result: yes
configure:22941: checking for XSetInputFocus in -lX11
configure:22976: gcc -o conftest -g -O2   conftest.c -lX11    -L/home/mh/dipl_support/hardware/umps/no -L/home/mh/dipl_support/hardware/umps/no -lpthread -lXpm >&5
configure:22982: $? = 0
configure:22989: test -z "$ac_c_werror_flag" || test ! -s conftest.err
configure:22992: $? = 0
configure:22999: test -s conftest
configure:23002: $? = 0
configure:23016: result: yes
configure:23034: checking for ceil in -lm
configure:23069: gcc -o conftest -g -O2   conftest.c -lm  -lX11   -L/home/mh/dipl_support/hardware/umps/no -L/home/mh/dipl_support/hardware/umps/no -lpthread -lXpm >&5
conftest.c:31: warning: conflicting types for built-in function 'ceil'
configure:23075: $? = 0
configure:23082: test -z "$ac_c_werror_flag" || test ! -s conftest.err
configure:23085: $? = 0
configure:23092: test -s conftest
configure:23095: $? = 0
configure:23109: result: yes
configure:23127: checking for elf_version in -lelf
configure:23162: gcc -o conftest -g -O2   conftest.c -lelf  -lm -lX11   -L/home/mh/dipl_support/hardware/umps/no -L/home/mh/dipl_support/hardware/umps/no -lpthread -lXpm >&5
configure:23168: $? = 0
configure:23175: test -z "$ac_c_werror_flag" || test ! -s conftest.err
configure:23178: $? = 0
configure:23185: test -s conftest
configure:23188: $? = 0
configure:23202: result: yes
configure:23220: checking for fl_initialize in -lforms
configure:23255: gcc -o conftest -g -O2   conftest.c -lforms  -lelf -lm -lX11   -L/home/mh/dipl_support/hardware/umps/no -L/home/mh/dipl_support/hardware/umps/no -lpthread -lXpm >&5
configure:23261: $? = 0
configure:23268: test -z "$ac_c_werror_flag" || test ! -s conftest.err
configure:23271: $? = 0
configure:23278: test -s conftest
configure:23281: $? = 0
configure:23295: result: yes
configure:23313: checking for ANSI C header files
configure:23494: result: yes
configure:23527: checking fcntl.h usability
configure:23544: gcc -c -g -O2  conftest.c >&5
configure:23550: $? = 0
configure:23557: test -z "$ac_c_werror_flag" || test ! -s conftest.err
configure:23560: $? = 0
configure:23567: test -s conftest.o
configure:23570: $? = 0
configure:23581: result: yes
configure:23585: checking fcntl.h presence
configure:23600: gcc -E  conftest.c
configure:23606: $? = 0
configure:23627: result: yes
configure:23660: checking for fcntl.h
configure:23668: result: yes
configure:23527: checking libelf.h usability
configure:23544: gcc -c -g -O2  conftest.c >&5
configure:23550: $? = 0
configure:23557: test -z "$ac_c_werror_flag" || test ! -s conftest.err
configure:23560: $? = 0
configure:23567: test -s conftest.o
configure:23570: $? = 0
configure:23581: result: yes
configure:23585: checking libelf.h presence
configure:23600: gcc -E  conftest.c
configure:23606: $? = 0
configure:23627: result: yes
configure:23660: checking for libelf.h
configure:23668: result: yes
configure:23517: checking for stdint.h
configure:23523: result: yes
configure:23517: checking for stdlib.h
configure:23523: result: yes
configure:23517: checking for string.h
configure:23523: result: yes
configure:23517: checking for strings.h
configure:23523: result: yes
configure:23527: checking sys/ioctl.h usability
configure:23544: gcc -c -g -O2  conftest.c >&5
configure:23550: $? = 0
configure:23557: test -z "$ac_c_werror_flag" || test ! -s conftest.err
configure:23560: $? = 0
configure:23567: test -s conftest.o
configure:23570: $? = 0
configure:23581: result: yes
configure:23585: checking sys/ioctl.h presence
configure:23600: gcc -E  conftest.c
configure:23606: $? = 0
configure:23627: result: yes
configure:23660: checking for sys/ioctl.h
configure:23668: result: yes
configure:23527: checking sys/socket.h usability
configure:23544: gcc -c -g -O2  conftest.c >&5
configure:23550: $? = 0
configure:23557: test -z "$ac_c_werror_flag" || test ! -s conftest.err
configure:23560: $? = 0
configure:23567: test -s conftest.o
configure:23570: $? = 0
configure:23581: result: yes
configure:23585: checking sys/socket.h presence
configure:23600: gcc -E  conftest.c
configure:23606: $? = 0
configure:23627: result: yes
configure:23660: checking for sys/socket.h
configure:23668: result: yes
configure:23517: checking for unistd.h
configure:23523: result: yes
configure:23692: checking forms.h usability
configure:23709: gcc -c -g -O2  conftest.c >&5
conftest.c:70:19: error: forms.h: No such file or directory
configure:23715: $? = 1
configure: failed program was:
| /* confdefs.h.  */
| #define PACKAGE_NAME "uMPS"
| #define PACKAGE_TARNAME "umps"
| #define PACKAGE_VERSION "1.23rc2"
| #define PACKAGE_STRING "uMPS 1.23rc2"
| #define PACKAGE_BUGREPORT "mmorsian@users.sourceforge.net"
| #define STDC_HEADERS 1
| #define HAVE_SYS_TYPES_H 1
| #define HAVE_SYS_STAT_H 1
| #define HAVE_STDLIB_H 1
| #define HAVE_STRING_H 1
| #define HAVE_MEMORY_H 1
| #define HAVE_STRINGS_H 1
| #define HAVE_INTTYPES_H 1
| #define HAVE_STDINT_H 1
| #define HAVE_UNISTD_H 1
| #define PACKAGE "umps"
| #define VERSION "1.23rc2"
| #define HAVE_DLFCN_H 1
| #define EXTFORMS externforms
| #define __LIBELF_INTERNAL_ 0
| #define HAVE_LIBX11 1
| #define HAVE_LIBM 1
| #define HAVE_LIBELF 1
| #define HAVE_LIBFORMS 1
| #define STDC_HEADERS 1
| #define HAVE_FCNTL_H 1
| #define HAVE_LIBELF_H 1
| #define HAVE_STDINT_H 1
| #define HAVE_STDLIB_H 1
| #define HAVE_STRING_H 1
| #define HAVE_STRINGS_H 1
| #define HAVE_SYS_IOCTL_H 1
| #define HAVE_SYS_SOCKET_H 1
| #define HAVE_UNISTD_H 1
| /* end confdefs.h.  */
| #include <stdio.h>
| #ifdef HAVE_SYS_TYPES_H
| # include <sys/types.h>
| #endif
| #ifdef HAVE_SYS_STAT_H
| # include <sys/stat.h>
| #endif
| #ifdef STDC_HEADERS
| # include <stdlib.h>
| # include <stddef.h>
| #else
| # ifdef HAVE_STDLIB_H
| #  include <stdlib.h>
| # endif
| #endif
| #ifdef HAVE_STRING_H
| # if !defined STDC_HEADERS && defined HAVE_MEMORY_H
| #  include <memory.h>
| # endif
| # include <string.h>
| #endif
| #ifdef HAVE_STRINGS_H
| # include <strings.h>
| #endif
| #ifdef HAVE_INTTYPES_H
| # include <inttypes.h>
| #endif
| #ifdef HAVE_STDINT_H
| # include <stdint.h>
| #endif
| #ifdef HAVE_UNISTD_H
| # include <unistd.h>
| #endif
| #include <forms.h>
configure:23746: result: no
configure:23750: checking forms.h presence
configure:23765: gcc -E  conftest.c
conftest.c:37:19: error: forms.h: No such file or directory
configure:23771: $? = 1
configure: failed program was:
| /* confdefs.h.  */
| #define PACKAGE_NAME "uMPS"
| #define PACKAGE_TARNAME "umps"
| #define PACKAGE_VERSION "1.23rc2"
| #define PACKAGE_STRING "uMPS 1.23rc2"
| #define PACKAGE_BUGREPORT "mmorsian@users.sourceforge.net"
| #define STDC_HEADERS 1
| #define HAVE_SYS_TYPES_H 1
| #define HAVE_SYS_STAT_H 1
| #define HAVE_STDLIB_H 1
| #define HAVE_STRING_H 1
| #define HAVE_MEMORY_H 1
| #define HAVE_STRINGS_H 1
| #define HAVE_INTTYPES_H 1
| #define HAVE_STDINT_H 1
| #define HAVE_UNISTD_H 1
| #define PACKAGE "umps"
| #define VERSION "1.23rc2"
| #define HAVE_DLFCN_H 1
| #define EXTFORMS externforms
| #define __LIBELF_INTERNAL_ 0
| #define HAVE_LIBX11 1
| #define HAVE_LIBM 1
| #define HAVE_LIBELF 1
| #define HAVE_LIBFORMS 1
| #define STDC_HEADERS 1
| #define HAVE_FCNTL_H 1
| #define HAVE_LIBELF_H 1
| #define HAVE_STDINT_H 1
| #define HAVE_STDLIB_H 1
| #define HAVE_STRING_H 1
| #define HAVE_STRINGS_H 1
| #define HAVE_SYS_IOCTL_H 1
| #define HAVE_SYS_SOCKET_H 1
| #define HAVE_UNISTD_H 1
| /* end confdefs.h.  */
| #include <forms.h>
configure:23792: result: no
configure:23825: checking for forms.h
configure:23832: result: no
configure:23849: checking X11/forms.h usability
configure:23866: gcc -c -g -O2  conftest.c >&5
configure:23872: $? = 0
configure:23879: test -z "$ac_c_werror_flag" || test ! -s conftest.err
configure:23882: $? = 0
configure:23889: test -s conftest.o
configure:23892: $? = 0
configure:23903: result: yes
configure:23907: checking X11/forms.h presence
configure:23922: gcc -E  conftest.c
configure:23928: $? = 0
configure:23949: result: yes
configure:23982: checking for X11/forms.h
configure:23989: result: yes
configure:24003: checking for an ANSI C-conforming const
configure:24078: gcc -c -g -O2  conftest.c >&5
configure:24084: $? = 0
configure:24091: test -z "$ac_c_werror_flag" || test ! -s conftest.err
configure:24094: $? = 0
configure:24101: test -s conftest.o
configure:24104: $? = 0
configure:24116: result: yes
configure:24140: checking for working memcmp
configure:24193: gcc -o conftest -g -O2   conftest.c -lforms -lelf -lm -lX11   -L/home/mh/dipl_support/hardware/umps/no -L/home/mh/dipl_support/hardware/umps/no -lpthread -lXpm >&5
configure:24196: $? = 0
configure:24202: ./conftest
configure:24205: $? = 0
configure:24221: result: yes
configure:24230: checking for function prototypes
configure:24233: result: yes
configure:24250: checking whether setvbuf arguments are reversed
configure:24280: gcc -o conftest -g -O2   conftest.c -lforms -lelf -lm -lX11   -L/home/mh/dipl_support/hardware/umps/no -L/home/mh/dipl_support/hardware/umps/no -lpthread -lXpm >&5
conftest.c:41: error: conflicting types for 'setvbuf'
/usr/include/stdio.h:302: error: previous declaration of 'setvbuf' was here
configure:24286: $? = 1
configure: failed program was:
| /* confdefs.h.  */
| #define PACKAGE_NAME "uMPS"
| #define PACKAGE_TARNAME "umps"
| #define PACKAGE_VERSION "1.23rc2"
| #define PACKAGE_STRING "uMPS 1.23rc2"
| #define PACKAGE_BUGREPORT "mmorsian@users.sourceforge.net"
| #define STDC_HEADERS 1
| #define HAVE_SYS_TYPES_H 1
| #define HAVE_SYS_STAT_H 1
| #define HAVE_STDLIB_H 1
| #define HAVE_STRING_H 1
| #define HAVE_MEMORY_H 1
| #define HAVE_STRINGS_H 1
| #define HAVE_INTTYPES_H 1
| #define HAVE_STDINT_H 1
| #define HAVE_UNISTD_H 1
| #define PACKAGE "umps"
| #define VERSION "1.23rc2"
| #define HAVE_DLFCN_H 1
| #define EXTFORMS externforms
| #define __LIBELF_INTERNAL_ 0
| #define HAVE_LIBX11 1
| #define HAVE_LIBM 1
| #define HAVE_LIBELF 1
| #define HAVE_LIBFORMS 1
| #define STDC_HEADERS 1
| #define HAVE_FCNTL_H 1
| #define HAVE_LIBELF_H 1
| #define HAVE_STDINT_H 1
| #define HAVE_STDLIB_H 1
| #define HAVE_STRING_H 1
| #define HAVE_STRINGS_H 1
| #define HAVE_SYS_IOCTL_H 1
| #define HAVE_SYS_SOCKET_H 1
| #define HAVE_UNISTD_H 1
| #define PROTOTYPES 1
| #define __PROTOTYPES 1
| /* end confdefs.h.  */
| #include <stdio.h>
| #	  ifdef PROTOTYPES
| 	   int (setvbuf) (FILE *, int, char *, size_t);
| #	  endif
| int
| main ()
| {
| char buf; return setvbuf (stdout, _IOLBF, &buf, 1);
|   ;
|   return 0;
| }
configure:24439: result: no
configure:24453: checking for vprintf
configure:24509: gcc -o conftest -g -O2   conftest.c -lforms -lelf -lm -lX11   -L/home/mh/dipl_support/hardware/umps/no -L/home/mh/dipl_support/hardware/umps/no -lpthread -lXpm >&5
conftest.c:62: warning: conflicting types for built-in function 'vprintf'
configure:24515: $? = 0
configure:24522: test -z "$ac_c_werror_flag" || test ! -s conftest.err
configure:24525: $? = 0
configure:24532: test -s conftest
configure:24535: $? = 0
configure:24549: result: yes
configure:24556: checking for _doprnt
configure:24612: gcc -o conftest -g -O2   conftest.c -lforms -lelf -lm -lX11   -L/home/mh/dipl_support/hardware/umps/no -L/home/mh/dipl_support/hardware/umps/no -lpthread -lXpm >&5
/tmp/ccsdrOSK.o: In function `main':
/home/mh/dipl_support/hardware/umps/conftest.c:74: undefined reference to `_doprnt'
collect2: ld returned 1 exit status
configure:24618: $? = 1
configure: failed program was:
| /* confdefs.h.  */
| #define PACKAGE_NAME "uMPS"
| #define PACKAGE_TARNAME "umps"
| #define PACKAGE_VERSION "1.23rc2"
| #define PACKAGE_STRING "uMPS 1.23rc2"
| #define PACKAGE_BUGREPORT "mmorsian@users.sourceforge.net"
| #define STDC_HEADERS 1
| #define HAVE_SYS_TYPES_H 1
| #define HAVE_SYS_STAT_H 1
| #define HAVE_STDLIB_H 1
| #define HAVE_STRING_H 1
| #define HAVE_MEMORY_H 1
| #define HAVE_STRINGS_H 1
| #define HAVE_INTTYPES_H 1
| #define HAVE_STDINT_H 1
| #define HAVE_UNISTD_H 1
| #define PACKAGE "umps"
| #define VERSION "1.23rc2"
| #define HAVE_DLFCN_H 1
| #define EXTFORMS externforms
| #define __LIBELF_INTERNAL_ 0
| #define HAVE_LIBX11 1
| #define HAVE_LIBM 1
| #define HAVE_LIBELF 1
| #define HAVE_LIBFORMS 1
| #define STDC_HEADERS 1
| #define HAVE_FCNTL_H 1
| #define HAVE_LIBELF_H 1
| #define HAVE_STDINT_H 1
| #define HAVE_STDLIB_H 1
| #define HAVE_STRING_H 1
| #define HAVE_STRINGS_H 1
| #define HAVE_SYS_IOCTL_H 1
| #define HAVE_SYS_SOCKET_H 1
| #define HAVE_UNISTD_H 1
| #define PROTOTYPES 1
| #define __PROTOTYPES 1
| #define HAVE_VPRINTF 1
| /* end confdefs.h.  */
| /* Define _doprnt to an innocuous variant, in case <limits.h> declares _doprnt.
|    For example, HP-UX 11i <limits.h> declares gettimeofday.  */
| #define _doprnt innocuous__doprnt
| 
| /* System header to define __stub macros and hopefully few prototypes,
|     which can conflict with char _doprnt (); below.
|     Prefer <limits.h> to <assert.h> if __STDC__ is defined, since
|     <limits.h> exists even on freestanding compilers.  */
| 
| #ifdef __STDC__
| # include <limits.h>
| #else
| # include <assert.h>
| #endif
| 
| #undef _doprnt
| 
| /* Override any GCC internal prototype to avoid an error.
|    Use char because int might match the return type of a GCC
|    builtin and then its argument prototype would still apply.  */
| #ifdef __cplusplus
| extern "C"
| #endif
| char _doprnt ();
| /* The GNU C library defines this for functions which it implements
|     to always fail with ENOSYS.  Some functions are actually named
|     something starting with __ and the normal name is an alias.  */
| #if defined __stub__doprnt || defined __stub____doprnt
| choke me
| #endif
| 
| int
| main ()
| {
| return _doprnt ();
|   ;
|   return 0;
| }
configure:24651: result: no
configure:24675: checking for getcwd
configure:24731: gcc -o conftest -g -O2   conftest.c -lforms -lelf -lm -lX11   -L/home/mh/dipl_support/hardware/umps/no -L/home/mh/dipl_support/hardware/umps/no -lpthread -lXpm >&5
configure:24737: $? = 0
configure:24744: test -z "$ac_c_werror_flag" || test ! -s conftest.err
configure:24747: $? = 0
configure:24754: test -s conftest
configure:24757: $? = 0
configure:24771: result: yes
configure:24675: checking for memset
configure:24731: gcc -o conftest -g -O2   conftest.c -lforms -lelf -lm -lX11   -L/home/mh/dipl_support/hardware/umps/no -L/home/mh/dipl_support/hardware/umps/no -lpthread -lXpm >&5
conftest.c:64: warning: conflicting types for built-in function 'memset'
configure:24737: $? = 0
configure:24744: test -z "$ac_c_werror_flag" || test ! -s conftest.err
configure:24747: $? = 0
configure:24754: test -s conftest
configure:24757: $? = 0
configure:24771: result: yes
configure:24675: checking for socket
configure:24731: gcc -o conftest -g -O2   conftest.c -lforms -lelf -lm -lX11   -L/home/mh/dipl_support/hardware/umps/no -L/home/mh/dipl_support/hardware/umps/no -lpthread -lXpm >&5
configure:24737: $? = 0
configure:24744: test -z "$ac_c_werror_flag" || test ! -s conftest.err
configure:24747: $? = 0
configure:24754: test -s conftest
configure:24757: $? = 0
configure:24771: result: yes
configure:24675: checking for strchr
configure:24731: gcc -o conftest -g -O2   conftest.c -lforms -lelf -lm -lX11   -L/home/mh/dipl_support/hardware/umps/no -L/home/mh/dipl_support/hardware/umps/no -lpthread -lXpm >&5
conftest.c:66: warning: conflicting types for built-in function 'strchr'
configure:24737: $? = 0
configure:24744: test -z "$ac_c_werror_flag" || test ! -s conftest.err
configure:24747: $? = 0
configure:24754: test -s conftest
configure:24757: $? = 0
configure:24771: result: yes
configure:24675: checking for strerror
configure:24731: gcc -o conftest -g -O2   conftest.c -lforms -lelf -lm -lX11   -L/home/mh/dipl_support/hardware/umps/no -L/home/mh/dipl_support/hardware/umps/no -lpthread -lXpm >&5
configure:24737: $? = 0
configure:24744: test -z "$ac_c_werror_flag" || test ! -s conftest.err
configure:24747: $? = 0
configure:24754: test -s conftest
configure:24757: $? = 0
configure:24771: result: yes
configure:24675: checking for strstr
configure:24731: gcc -o conftest -g -O2   conftest.c -lforms -lelf -lm -lX11   -L/home/mh/dipl_support/hardware/umps/no -L/home/mh/dipl_support/hardware/umps/no -lpthread -lXpm >&5
conftest.c:68: warning: conflicting types for built-in function 'strstr'
configure:24737: $? = 0
configure:24744: test -z "$ac_c_werror_flag" || test ! -s conftest.err
configure:24747: $? = 0
configure:24754: test -s conftest
configure:24757: $? = 0
configure:24771: result: yes
configure:24675: checking for strtoul
configure:24731: gcc -o conftest -g -O2   conftest.c -lforms -lelf -lm -lX11   -L/home/mh/dipl_support/hardware/umps/no -L/home/mh/dipl_support/hardware/umps/no -lpthread -lXpm >&5
configure:24737: $? = 0
configure:24744: test -z "$ac_c_werror_flag" || test ! -s conftest.err
configure:24747: $? = 0
configure:24754: test -s conftest
configure:24757: $? = 0
configure:24771: result: yes
configure:24804: checking for mipsel-linux-gcc
configure:24820: found /home/mh/dipl/toolchain/bin/mipsel-linux-gcc
configure:24831: result: mipsel-linux-gcc
configure:24853: checking for mipsel-linux-as
configure:24869: found /home/mh/dipl/toolchain/bin/mipsel-linux-as
configure:24880: result: mipsel-linux-as
configure:24902: checking for mipsel-linux-ar
configure:24918: found /home/mh/dipl/toolchain/bin/mipsel-linux-ar
configure:24929: result: mipsel-linux-ar
configure:24951: checking for mipsel-linux-ld
configure:24967: found /home/mh/dipl/toolchain/bin/mipsel-linux-ld
configure:24978: result: mipsel-linux-ld
configure:25182: creating ./config.status

## ---------------------- ##
## Running config.status. ##
## ---------------------- ##

This file was extended by uMPS config.status 1.23rc2, which was
generated by GNU Autoconf 2.60a.  Invocation command line was

  CONFIG_FILES    = 
  CONFIG_HEADERS  = 
  CONFIG_LINKS    = 
  CONFIG_COMMANDS = 
  $ ./config.status 

on iceblock

config.status:668: creating Makefile
config.status:668: creating src/Makefile
config.status:668: creating support/Makefile
config.status:668: creating config.h
config.status:962: executing depfiles commands

## ---------------- ##
## Cache variables. ##
## ---------------- ##

ac_cv_build=i686-pc-linux-gnu
ac_cv_c_bigendian=no
ac_cv_c_compiler_gnu=yes
ac_cv_c_const=yes
ac_cv_cxx_compiler_gnu=yes
ac_cv_env_CCASFLAGS_set=
ac_cv_env_CCASFLAGS_value=
ac_cv_env_CCAS_set=
ac_cv_env_CCAS_value=
ac_cv_env_CCC_set=
ac_cv_env_CCC_value=
ac_cv_env_CC_set=
ac_cv_env_CC_value=
ac_cv_env_CFLAGS_set=
ac_cv_env_CFLAGS_value=
ac_cv_env_CPPFLAGS_set=
ac_cv_env_CPPFLAGS_value=
ac_cv_env_CPP_set=
ac_cv_env_CPP_value=
ac_cv_env_CXXCPP_set=
ac_cv_env_CXXCPP_value=
ac_cv_env_CXXFLAGS_set=
ac_cv_env_CXXFLAGS_value=
ac_cv_env_CXX_set=
ac_cv_env_CXX_value=
ac_cv_env_F77_set=
ac_cv_env_F77_value=
ac_cv_env_FFLAGS_set=
ac_cv_env_FFLAGS_value=
ac_cv_env_LDFLAGS_set=
ac_cv_env_LDFLAGS_value=
ac_cv_env_XMKMF_set=
ac_cv_env_XMKMF_value=
ac_cv_env_build_alias_set=
ac_cv_env_build_alias_value=
ac_cv_env_host_alias_set=
ac_cv_env_host_alias_value=
ac_cv_env_target_alias_set=
ac_cv_env_target_alias_value=
ac_cv_f77_compiler_gnu=no
ac_cv_func__doprnt=no
ac_cv_func_connect=yes
ac_cv_func_getcwd=yes
ac_cv_func_gethostbyname=yes
ac_cv_func_memcmp_working=yes
ac_cv_func_memset=yes
ac_cv_func_remove=yes
ac_cv_func_setvbuf_reversed=no
ac_cv_func_shmat=yes
ac_cv_func_socket=yes
ac_cv_func_strchr=yes
ac_cv_func_strerror=yes
ac_cv_func_strstr=yes
ac_cv_func_strtoul=yes
ac_cv_func_vprintf=yes
ac_cv_have_x='have_x=yes	ac_x_includes='\'''\''	ac_x_libraries='\'''\'''
ac_cv_header_X11_forms_h=yes
ac_cv_header_dlfcn_h=yes
ac_cv_header_fcntl_h=yes
ac_cv_header_forms_h=no
ac_cv_header_inttypes_h=yes
ac_cv_header_libelf_h=yes
ac_cv_header_memory_h=yes
ac_cv_header_stdc=yes
ac_cv_header_stdint_h=yes
ac_cv_header_stdlib_h=yes
ac_cv_header_string_h=yes
ac_cv_header_strings_h=yes
ac_cv_header_sys_ioctl_h=yes
ac_cv_header_sys_socket_h=yes
ac_cv_header_sys_stat_h=yes
ac_cv_header_sys_types_h=yes
ac_cv_header_unistd_h=yes
ac_cv_host=i686-pc-linux-gnu
ac_cv_lib_ICE_IceConnectionNumber=no
ac_cv_lib_X11_XSetInputFocus=yes
ac_cv_lib_Xpm_XpmReadFileToPixmap=yes
ac_cv_lib_elf_elf_version=yes
ac_cv_lib_forms_fl_initialize=yes
ac_cv_lib_m_ceil=yes
ac_cv_objext=o
ac_cv_path_EGREP='/bin/grep -E'
ac_cv_path_GREP=/bin/grep
ac_cv_path_install='/usr/bin/install -c'
ac_cv_prog_ARUMPS=mipsel-linux-ar
ac_cv_prog_ASUMPS=mipsel-linux-as
ac_cv_prog_AWK=mawk
ac_cv_prog_CPP='gcc -E'
ac_cv_prog_CXXCPP='g++ -E'
ac_cv_prog_GCCUMPS=mipsel-linux-gcc
ac_cv_prog_LDUMPS=mipsel-linux-ld
ac_cv_prog_ac_ct_AR=ar
ac_cv_prog_ac_ct_CC=gcc
ac_cv_prog_ac_ct_CXX=g++
ac_cv_prog_ac_ct_RANLIB=ranlib
ac_cv_prog_ac_ct_STRIP=strip
ac_cv_prog_cc_c89=
ac_cv_prog_cc_g=yes
ac_cv_prog_cxx_g=yes
ac_cv_prog_f77_g=no
ac_cv_prog_make_make_set=yes
ac_cv_target=i686-pc-linux-gnu
am_cv_CC_dependencies_compiler_type=gcc3
am_cv_CXX_dependencies_compiler_type=gcc3
lt_cv_deplibs_check_method=pass_all
lt_cv_file_magic_cmd='$MAGIC_CMD'
lt_cv_file_magic_test_file=
lt_cv_ld_reload_flag=-r
lt_cv_objdir=.libs
lt_cv_path_LD=/usr/bin/ld
lt_cv_path_LDCXX=/usr/bin/ld
lt_cv_path_NM='/usr/bin/nm -B'
lt_cv_path_SED=/bin/sed
lt_cv_prog_compiler_c_o=yes
lt_cv_prog_compiler_c_o_CXX=yes
lt_cv_prog_compiler_rtti_exceptions=no
lt_cv_prog_gnu_ld=yes
lt_cv_prog_gnu_ldcxx=yes
lt_cv_sys_global_symbol_pipe='sed -n -e '\''s/^.*[ 	]\([ABCDGIRSTW][ABCDGIRSTW]*\)[ 	][ 	]*\([_A-Za-z][_A-Za-z0-9]*\)$/\1 \2 \2/p'\'''
lt_cv_sys_global_symbol_to_c_name_address='sed -n -e '\''s/^: \([^ ]*\) $/  {\"\1\", (lt_ptr) 0},/p'\'' -e '\''s/^[BCDEGRST] \([^ ]*\) \([^ ]*\)$/  {"\2", (lt_ptr) \&\2},/p'\'''
lt_cv_sys_global_symbol_to_cdecl='sed -n -e '\''s/^. .* \(.*\)$/extern int \1;/p'\'''
lt_cv_sys_max_cmd_len=32768
lt_lt_cv_prog_compiler_c_o='"yes"'
lt_lt_cv_prog_compiler_c_o_CXX='"yes"'
lt_lt_cv_sys_global_symbol_pipe='"sed -n -e '\''s/^.*[ 	]\\([ABCDGIRSTW][ABCDGIRSTW]*\\)[ 	][ 	]*\\([_A-Za-z][_A-Za-z0-9]*\\)\$/\\1 \\2 \\2/p'\''"'
lt_lt_cv_sys_global_symbol_to_c_name_address='"sed -n -e '\''s/^: \\([^ ]*\\) \$/  {\\\"\\1\\\", (lt_ptr) 0},/p'\'' -e '\''s/^[BCDEGRST] \\([^ ]*\\) \\([^ ]*\\)\$/  {\"\\2\", (lt_ptr) \\&\\2},/p'\''"'
lt_lt_cv_sys_global_symbol_to_cdecl='"sed -n -e '\''s/^. .* \\(.*\\)\$/extern int \\1;/p'\''"'

## ----------------- ##
## Output variables. ##
## ----------------- ##

ACLOCAL='${SHELL} /home/mh/dipl_support/hardware/umps/missing --run aclocal-1.9'
AMDEPBACKSLASH='\'
AMDEP_FALSE='#'
AMDEP_TRUE=''
AMTAR='${SHELL} /home/mh/dipl_support/hardware/umps/missing --run tar'
AR='ar'
ARUMPS='/home/mh/dipl/toolchain/bin/mipsel-linux-ar}'
ASUMPS='/home/mh/dipl/toolchain/bin/mipsel-linux-as'
AUTOCONF='${SHELL} /home/mh/dipl_support/hardware/umps/missing --run autoconf'
AUTOHEADER='${SHELL} /home/mh/dipl_support/hardware/umps/missing --run autoheader'
AUTOMAKE='${SHELL} /home/mh/dipl_support/hardware/umps/missing --run automake-1.9'
AWK='mawk'
CC='gcc'
CCAS='/home/mh/dipl/toolchain/bin/mipsel-linux-as'
CCASFLAGS='-KPIC'
CCDEPMODE='depmode=gcc3'
CFLAGS='-g -O2'
CPP='gcc -E'
CPPFLAGS=''
CXX='g++'
CXXCPP='g++ -E'
CXXDEPMODE='depmode=gcc3'
CXXFLAGS='-g -O2'
CYGPATH_W='echo'
DEFS='-DHAVE_CONFIG_H'
DEPDIR='.deps'
ECHO='echo'
ECHO_C=''
ECHO_N='-n'
ECHO_T=''
EGREP='/bin/grep -E'
EXEEXT=''
F77=''
FFLAGS=''
GCCUMPS='/home/mh/dipl/toolchain/bin/mipsel-linux-gcc'
GREP='/bin/grep'
INSTALL_DATA='${INSTALL} -m 644'
INSTALL_PROGRAM='${INSTALL}'
INSTALL_SCRIPT='${INSTALL}'
INSTALL_STRIP_PROGRAM='${SHELL} $(install_sh) -c -s'
LDAOUTFLAGS='-T ../support/elf32ltsmip.h.umpsaout.x'
LDAOUTSCRIPT='elf32ltsmip.h.umpsaout.x'
LDCOREFLAGS='-T ../support/elf32ltsmip.h.umpscore.x'
LDCORESCRIPT='elf32ltsmip.h.umpscore.x'
LDFLAGS=''
LDUMPS='/home/mh/dipl/toolchain/bin/mipsel-linux-ld'
LIBOBJS=''
LIBS='-lforms -lelf -lm -lX11   -L/home/mh/dipl_support/hardware/umps/no -L/home/mh/dipl_support/hardware/umps/no -lpthread -lXpm'
LIBTOOL='$(SHELL) $(top_builddir)/libtool'
LN_S='ln -s'
LTLIBOBJS=''
MAKEINFO='${SHELL} /home/mh/dipl_support/hardware/umps/missing --run makeinfo'
OBJEXT='o'
PACKAGE='umps'
PACKAGE_BUGREPORT='mmorsian@users.sourceforge.net'
PACKAGE_NAME='uMPS'
PACKAGE_STRING='uMPS 1.23rc2'
PACKAGE_TARNAME='umps'
PACKAGE_VERSION='1.23rc2'
PATH_SEPARATOR=':'
RANLIB='ranlib'
SET_MAKE=''
SHELL='/bin/sh'
STRIP='strip'
UMPSCPPFLAG='-I/home/mh/dipl_support/hardware/umps/no -I/home/mh/dipl_support/hardware/umps/no -I/usr/include/X11'
VERSION='1.23rc2'
XMKMF=''
X_CFLAGS=''
X_EXTRA_LIBS=''
X_LIBS=''
X_PRE_LIBS=''
ac_ct_CC='gcc'
ac_ct_CXX='g++'
ac_ct_F77=''
am__fastdepCC_FALSE='#'
am__fastdepCC_TRUE=''
am__fastdepCXX_FALSE='#'
am__fastdepCXX_TRUE=''
am__include='include'
am__leading_dot='.'
am__quote=''
am__tar='${AMTAR} chof - "$$tardir"'
am__untar='${AMTAR} xf -'
bindir='${exec_prefix}/bin'
build='i686-pc-linux-gnu'
build_alias=''
build_cpu='i686'
build_os='linux-gnu'
build_vendor='pc'
datadir='${datarootdir}'
datarootdir='${prefix}/share'
docdir='${datarootdir}/doc/${PACKAGE_TARNAME}'
dvidir='${docdir}'
exec_prefix='${prefix}'
host='i686-pc-linux-gnu'
host_alias=''
host_cpu='i686'
host_os='linux-gnu'
host_vendor='pc'
htmldir='${docdir}'
includedir='${prefix}/include'
infodir='${datarootdir}/info'
install_sh='/home/mh/dipl_support/hardware/umps/install-sh'
libdir='${exec_prefix}/lib'
libexecdir='${exec_prefix}/libexec'
localedir='${datarootdir}/locale'
localstatedir='${prefix}/var'
mandir='${datarootdir}/man'
mkdir_p='mkdir -p --'
oldincludedir='/usr/include'
pdfdir='${docdir}'
prefix='/usr/local'
program_transform_name='s,x,x,'
psdir='${docdir}'
sbindir='${exec_prefix}/sbin'
sharedstatedir='${prefix}/com'
sysconfdir='${prefix}/etc'
target='i686-pc-linux-gnu'
target_alias=''
target_cpu='i686'
target_os='linux-gnu'
target_vendor='pc'

## ----------- ##
## confdefs.h. ##
## ----------- ##

#define PACKAGE_NAME "uMPS"
#define PACKAGE_TARNAME "umps"
#define PACKAGE_VERSION "1.23rc2"
#define PACKAGE_STRING "uMPS 1.23rc2"
#define PACKAGE_BUGREPORT "mmorsian@users.sourceforge.net"
#define STDC_HEADERS 1
#define HAVE_SYS_TYPES_H 1
#define HAVE_SYS_STAT_H 1
#define HAVE_STDLIB_H 1
#define HAVE_STRING_H 1
#define HAVE_MEMORY_H 1
#define HAVE_STRINGS_H 1
#define HAVE_INTTYPES_H 1
#define HAVE_STDINT_H 1
#define HAVE_UNISTD_H 1
#define PACKAGE "umps"
#define VERSION "1.23rc2"
#define HAVE_DLFCN_H 1
#define EXTFORMS externforms
#define __LIBELF_INTERNAL_ 0
#define HAVE_LIBX11 1
#define HAVE_LIBM 1
#define HAVE_LIBELF 1
#define HAVE_LIBFORMS 1
#define STDC_HEADERS 1
#define HAVE_FCNTL_H 1
#define HAVE_LIBELF_H 1
#define HAVE_STDINT_H 1
#define HAVE_STDLIB_H 1
#define HAVE_STRING_H 1
#define HAVE_STRINGS_H 1
#define HAVE_SYS_IOCTL_H 1
#define HAVE_SYS_SOCKET_H 1
#define HAVE_UNISTD_H 1
#define PROTOTYPES 1
#define __PROTOTYPES 1
#define HAVE_VPRINTF 1
#define HAVE_GETCWD 1
#define HAVE_MEMSET 1
#define HAVE_SOCKET 1
#define HAVE_STRCHR 1
#define HAVE_STRERROR 1
#define HAVE_STRSTR 1
#define HAVE_STRTOUL 1
#define LINUX linux

configure: exit 0

## ---------------------- ##
## Running config.status. ##
## ---------------------- ##

This file was extended by uMPS config.status 1.23rc2, which was
generated by GNU Autoconf 2.60a.  Invocation command line was

  CONFIG_FILES    = 
  CONFIG_HEADERS  = 
  CONFIG_LINKS    = 
  CONFIG_COMMANDS = 
  $ ./config.status config.h

on iceblock

config.status:668: creating config.h
config.status:916: config.h is unchanged

## ---------------------- ##
## Running config.status. ##
## ---------------------- ##

This file was extended by uMPS config.status 1.23rc2, which was
generated by GNU Autoconf 2.60a.  Invocation command line was

  CONFIG_FILES    = 
  CONFIG_HEADERS  = 
  CONFIG_LINKS    = 
  CONFIG_COMMANDS = 
  $ ./config.status src/Makefile depfiles

on iceblock

config.status:668: creating src/Makefile
config.status:962: executing depfiles commands

## ---------------------- ##
## Running config.status. ##
## ---------------------- ##

This file was extended by uMPS config.status 1.23rc2, which was
generated by GNU Autoconf 2.60a.  Invocation command line was

  CONFIG_FILES    = 
  CONFIG_HEADERS  = 
  CONFIG_LINKS    = 
  CONFIG_COMMANDS = 
  $ ./config.status src/Makefile depfiles

on iceblock

config.status:668: creating src/Makefile
config.status:962: executing depfiles commands

## ---------------------- ##
## Running config.status. ##
## ---------------------- ##

This file was extended by uMPS config.status 1.23rc2, which was
generated by GNU Autoconf 2.60a.  Invocation command line was

  CONFIG_FILES    = 
  CONFIG_HEADERS  = 
  CONFIG_LINKS    = 
  CONFIG_COMMANDS = 
  $ ./config.status src/Makefile depfiles

on iceblock

config.status:668: creating src/Makefile
config.status:962: executing depfiles commands

## ---------------------- ##
## Running config.status. ##
## ---------------------- ##

This file was extended by uMPS config.status 1.23rc2, which was
generated by GNU Autoconf 2.60a.  Invocation command line was

  CONFIG_FILES    = 
  CONFIG_HEADERS  = 
  CONFIG_LINKS    = 
  CONFIG_COMMANDS = 
  $ ./config.status src/Makefile depfiles

on iceblock

config.status:668: creating src/Makefile
config.status:962: executing depfiles commands
